Validating found git in: git
Using git 2.31.1 from git
> git rev-parse --git-dir
Open repository: /home/CosmicElijah/code/cosmicelijah-website
> git status -z -u
> git symbolic-ref --short HEAD
> git for-each-ref --format=%(refname)%00%(upstream:short)%00%(objectname)%00%(upstream:track) refs/heads/master refs/remotes/master
> git for-each-ref --sort -committerdate --format %(refname) %(objectname) %(*objectname)
> git remote --verbose
Warning: Failed to watch ref '/home/CosmicElijah/code/cosmicelijah-website/.git/refs/remotes/origin/master', is most likely packed.
> git config --get commit.template
> git check-ignore -v -z --stdin
> git log --format=%H%n%aN%n%aE%n%at%n%ct%n%P%n%B -z -n21 -- /home/CosmicElijah/code/cosmicelijah-website/You Just Got Coconut Mall’d-QTT5iHCHSn0.mp4
> git show --textconv :index.html
> git ls-files --stage -- /home/CosmicElijah/code/cosmicelijah-website/index.html
> git cat-file -s 15cd50e03faa7784414275646cdfc79b9e839d07
> git show --textconv :index.html
> git ls-files --stage -- /home/CosmicElijah/code/cosmicelijah-website/index.html
> git cat-file -s 15cd50e03faa7784414275646cdfc79b9e839d07
> git show --textconv :index.html
> git ls-files --stage -- /home/CosmicElijah/code/cosmicelijah-website/index.html
> git cat-file -s 15cd50e03faa7784414275646cdfc79b9e839d07
